!SESSION 2017-09-06 09:19:42.821 -----------------------------------------------
eclipse.buildId=4.7.0.I20170612-0950
java.version=1.8.0_141
java.vendor=Oracle Corporation
BootLoader constants: OS=macosx, ARCH=x86_64, WS=cocoa, NL=en_US
Framework arguments:  -XstartOnFirstThread -product org.eclipse.epp.package.java.product
Command-line arguments:  -XstartOnFirstThread -product org.eclipse.epp.package.java.product

!ENTRY org.eclipse.osgi 4 0 2017-09-06 09:19:43.872
!MESSAGE Application error
!STACK 1
org.eclipse.swt.SWTException: Invalid thread access
	at org.eclipse.swt.SWT.error(SWT.java:4533)
	at org.eclipse.swt.SWT.error(SWT.java:4448)
	at org.eclipse.swt.SWT.error(SWT.java:4419)
	at org.eclipse.swt.widgets.Display.error(Display.java:1089)
	at org.eclipse.swt.widgets.Display.createDisplay(Display.java:840)
	at org.eclipse.swt.widgets.Display.create(Display.java:823)
	at org.eclipse.swt.graphics.Device.<init>(Device.java:129)
	at org.eclipse.swt.widgets.Display.<init>(Display.java:722)
	at org.eclipse.swt.widgets.Display.<init>(Display.java:713)
	at org.eclipse.ui.internal.Workbench.createDisplay(Workbench.java:781)
	at org.eclipse.ui.PlatformUI.createDisplay(PlatformUI.java:160)
	at org.eclipse.ui.internal.ide.application.IDEApplication.createDisplay(IDEApplication.java:181)
	at org.eclipse.ui.internal.ide.application.IDEApplication.start(IDEApplication.java:124)
	at org.eclipse.equinox.internal.app.EclipseAppHandle.run(EclipseAppHandle.java:196)
	at org.eclipse.core.runtime.internal.adaptor.EclipseAppLauncher.runApplication(EclipseAppLauncher.java:134)
	at org.eclipse.core.runtime.internal.adaptor.EclipseAppLauncher.start(EclipseAppLauncher.java:104)
	at org.eclipse.core.runtime.adaptor.EclipseStarter.run(EclipseStarter.java:388)
	at org.eclipse.core.runtime.adaptor.EclipseStarter.run(EclipseStarter.java:243)
	at sun.reflect.NativeMethodAccessorImpl.invoke0(Native Method)
	at sun.reflect.NativeMethodAccessorImpl.invoke(NativeMethodAccessorImpl.java:62)
	at sun.reflect.DelegatingMethodAccessorImpl.invoke(DelegatingMethodAccessorImpl.java:43)
	at java.lang.reflect.Method.invoke(Method.java:498)
	at org.eclipse.equinox.launcher.Main.invokeFramework(Main.java:653)
	at org.eclipse.equinox.launcher.Main.basicRun(Main.java:590)
	at org.eclipse.equinox.launcher.Main.run(Main.java:1499)
	at org.eclipse.equinox.launcher.Main.main(Main.java:1472)
